<?xml version="1.0" encoding="UTF-8"?>
<!-- Generated by org.testng.reporters.JUnitXMLReporter -->
<testsuite hostname="ARS-NBT-LAP-250" ignored="0" name="Dav10" tests="2" failures="0" timestamp="18 May 2022 11:46:10 GMT" time="40.051" errors="0">
  <testcase name="verifyCreateReportingMngrForClientDetails" time="30.213" classname="com.dav.testcases.TC_RegistrationReportingMngr_04"/>
  <testcase name="verifyGetMyCurrentAddress" time="6.616" classname="com.dav.testcases.TC_RegistrationReportingMngr_04"/>
</testsuite> <!-- Dav10 -->
