<?xml version="1.0" encoding="UTF-8"?>
<!-- Generated by org.testng.reporters.JUnitXMLReporter -->
<testsuite hostname="ARS-NBT-LAP-250" ignored="0" name="Dav7" tests="2" failures="0" timestamp="18 May 2022 11:44:25 GMT" time="52.004" errors="0">
  <testcase name="verifyDavAdminLoginTest" time="8.333" classname="com.dav.testcases.TC_RegistrationNewClientForDkyc_07"/>
  <testcase name="verifyRegisterNewClientDetails" time="39.654" classname="com.dav.testcases.TC_RegistrationNewClientForDkyc_07"/>
</testsuite> <!-- Dav7 -->
