<?xml version="1.0" encoding="UTF-8"?>
<!-- Generated by org.testng.reporters.JUnitXMLReporter -->
<testsuite hostname="ARS-MSOFT-LAP" name="Project Test" tests="1" failures="1" timestamp="24 Nov 2020 12:57:44 GMT" time="12.234" errors="0">
  <testcase name="loginTest" time="7.844" classname="com.newproject.testcases.TC_LoginTest_001">
    <failure type="java.lang.AssertionError" message="expected [true] but found [false]">
      <![CDATA[java.lang.AssertionError: expected [true] but found [false]
	at com.newproject.testcases.TC_LoginTest_001.loginTest(TC_LoginTest_001.java:28)
... Removed 28 stack frames]]>
    </failure>
  </testcase> <!-- loginTest -->
</testsuite> <!-- Project Test -->
